<?xml version="1.0" encoding="UTF-8"?>
<!-- Generated by org.testng.reporters.JUnitReportReporter -->
<testsuite hostname="SwarupaLaptop" failures="0" tests="1" name="pageobjects.Registrationpagetest" time="4.034" errors="0" timestamp="2022-09-21T19:30:15 EDT" skipped="0">
  <testcase classname="pageobjects.Registrationpagetest" name="verifyreg" time="4.034"/>
  <system-out/>
</testsuite> <!-- pageobjects.Registrationpagetest -->
